2025-11-18 11:45:12,364 - root - CRITICAL - Необработанное исключение
Traceback (most recent call last):
  File "D:\soft\!!!samodel\VEPP-2000_dela\!server_viewer\vcas_viewer\plotting\draggable_plot_widget.py", line 825, in _on_settings_changed
    self.apply_plot_settings(settings)
    ~~~~~~~~~~~~~~~~~~~~~~~~^^^^^^^^^^
  File "D:\soft\!!!samodel\VEPP-2000_dela\!server_viewer\vcas_viewer\plotting\draggable_plot_widget.py", line 857, in apply_plot_settings
    self._initialize_sweep_start_time()
    ~~~~~~~~~~~~~~~~~~~~~~~~~~~~~~~~~^^
  File "D:\soft\!!!samodel\VEPP-2000_dela\!server_viewer\vcas_viewer\plotting\draggable_plot_widget.py", line 576, in _initialize_sweep_start_time
    current_time = time.time()
                   ^^^^
NameError: name 'time' is not defined. Did you forget to import 'time'?
2025-11-18 11:46:34,083 - VCAS.Session.End - INFO - Session ended at 2025-11-18 11:46:34,083
2025-11-18 11:46:34,083 - VCAS.Session.End - INFO - ============================================================
2025-11-18 11:46:34,084 - VCAS.Session.End - INFO - Session Statistics:
2025-11-18 11:46:34,084 - VCAS.Session.End - INFO - LEVEL      | COUNT
2025-11-18 11:46:34,084 - VCAS.Session.End - INFO - ------------------
2025-11-18 11:46:34,085 - VCAS.Session.End - INFO - CRITICAL   | 1
2025-11-18 11:46:34,085 - VCAS.Session.End - INFO - INFO       | 2
2025-11-18 11:46:34,085 - VCAS.Session.End - INFO - ------------------
2025-11-18 11:46:34,085 - VCAS.Session.End - INFO - TOTAL      | 3
2025-11-18 11:46:34,086 - VCAS.Session.End - INFO - ============================================================
