2025-11-14 22:52:53 - VCAS.Session - INFO - Session started - console: minimal, file: trace
2025-11-14 22:52:53 - VCAS.Session - INFO - Log file: D:\soft\!!!samodel\VEPP-2000_dela\!server_viewer\logs\session_14-11-2025_22-52-53.log
2025-11-14 22:52:53 - MainWindow - DEBUG - Автоматический таймер подключения настроен на 1.5 секунды
2025-11-14 22:52:54 - MainWindow - INFO - Менеджер графиков создан
2025-11-14 22:52:54 - PlotWindowsManagerWidget - DEBUG - Обновлен список окон: 0 окон
2025-11-14 22:52:54 - MainWindow - INFO - Виджет управления окнами графиков создан
2025-11-14 22:52:54 - MainWindow - INFO - Выполняется автоматическое подключение к VCAS серверу через 1.5 секунды
2025-11-14 22:52:55 - MainWindow - INFO - Таймер автоматического подключения истек, пытаемся подключиться
2025-11-14 22:52:55 - MainWindow - INFO - Подключение к реальному серверу 172.16.1.110:20041
2025-11-14 22:52:55 - VCASClient - INFO - Подключение к VCAS серверу 172.16.1.110:20041
2025-11-14 22:52:56 - VCASClient - DEBUG - Состояние сокета изменено: 1
2025-11-14 22:52:56 - VCASClient - DEBUG - Состояние сокета изменено: 2
2025-11-14 22:52:57 - MainWindow - INFO - Подключение к реальному серверу 172.16.1.110:20041
2025-11-14 22:52:57 - VCASClient - DEBUG - Состояние сокета изменено: 0
2025-11-14 22:52:57 - VCASClient - INFO - Подключение к VCAS серверу 172.16.1.110:20041
2025-11-14 22:52:57 - VCASClient - DEBUG - Состояние сокета изменено: 1
2025-11-14 22:52:57 - VCASClient - DEBUG - Состояние сокета изменено: 2
2025-11-14 22:53:04 - VCASClient - DEBUG - Состояние сокета изменено: 0
2025-11-14 22:53:07 - VCASClient - INFO - Отключено от VCAS сервера
2025-11-14 22:53:09 - MainWindow - INFO - Переключено в режим управления окнами графиков
2025-11-14 22:53:10 - MainWindow - INFO - Переключено в режим информации о каналах
2025-11-14 22:53:11 - VCASClient - INFO - Отключено от VCAS сервера
2025-11-14 22:53:11 - PlotManager - INFO - Все данные каналов очищены
2025-11-14 22:53:11 - VCAS.Session.End - INFO - Session ended at 2025-11-14 22:53:11,753
2025-11-14 22:53:11 - VCAS.Session.End - INFO - ============================================================
2025-11-14 22:53:11 - VCAS.Session.End - INFO - Session Statistics:
2025-11-14 22:53:11 - VCAS.Session.End - INFO - LEVEL      | COUNT
2025-11-14 22:53:11 - VCAS.Session.End - INFO - ------------------
2025-11-14 22:53:11 - VCAS.Session.End - INFO - DEBUG      | 8
2025-11-14 22:53:11 - VCAS.Session.End - INFO - INFO       | 17
2025-11-14 22:53:11 - VCAS.Session.End - INFO - ------------------
2025-11-14 22:53:11 - VCAS.Session.End - INFO - TOTAL      | 25
2025-11-14 22:53:11 - VCAS.Session.End - INFO - ============================================================
